2023.10.10 18:05:16 INFO  Started: Metals version 1.0.1 in folders 'C:\rocketseat\todolist' for client Visual Studio Code 1.81.1.
out. 10, 2023 6:05:16 PM org.flywaydb.core.internal.license.VersionPrinter printVersionOnly
INFORMAÇÕES: Flyway Community Edition 9.21.2 by Redgate
out. 10, 2023 6:05:16 PM org.flywaydb.core.internal.license.VersionPrinter printVersion
INFORMAÇÕES: See release notes here: https://rd.gt/416ObMi
out. 10, 2023 6:05:16 PM org.flywaydb.core.internal.license.VersionPrinter printVersion
INFORMAÇÕES: 
out. 10, 2023 6:05:16 PM org.flywaydb.core.FlywayExecutor execute
INFORMAÇÕES: Database: jdbc:h2:file:C:\rocketseat\todolist\.metals\metals (H2 2.1)
out. 10, 2023 6:05:16 PM org.flywaydb.core.internal.schemahistory.JdbcTableSchemaHistory allAppliedMigrations
INFORMAÇÕES: Schema history table "PUBLIC"."flyway_schema_history" does not exist yet
out. 10, 2023 6:05:16 PM org.flywaydb.core.internal.command.DbValidate validate
INFORMAÇÕES: Successfully validated 4 migrations (execution time 00:00.025s)
out. 10, 2023 6:05:16 PM org.flywaydb.core.internal.schemahistory.JdbcTableSchemaHistory create
INFORMAÇÕES: Creating Schema History table "PUBLIC"."flyway_schema_history" ...
out. 10, 2023 6:05:16 PM org.flywaydb.core.internal.command.DbMigrate migrateGroup
INFORMAÇÕES: Current version of schema "PUBLIC": << Empty Schema >>
out. 10, 2023 6:05:16 PM org.flywaydb.core.internal.command.DbMigrate doMigrateGroup
INFORMAÇÕES: Migrating schema "PUBLIC" to version "1 - Create tables"
out. 10, 2023 6:05:16 PM org.flywaydb.core.internal.command.DbMigrate doMigrateGroup
INFORMAÇÕES: Migrating schema "PUBLIC" to version "2 - Server discovery"
out. 10, 2023 6:05:16 PM org.flywaydb.core.internal.command.DbMigrate doMigrateGroup
INFORMAÇÕES: Migrating schema "PUBLIC" to version "3 - Jar symbols"
out. 10, 2023 6:05:16 PM org.flywaydb.core.internal.command.DbMigrate doMigrateGroup
INFORMAÇÕES: Migrating schema "PUBLIC" to version "4 - Fingerprints"
out. 10, 2023 6:05:16 PM org.flywaydb.core.internal.command.DbMigrate logSummary
INFORMAÇÕES: Successfully applied 4 migrations to schema "PUBLIC", now at version v4 (execution time 00:00.025s)
2023.10.10 18:05:16 INFO  time: initialize in 0.74s
2023.10.10 18:05:19 WARN  Build server is not auto-connectable.
2023.10.10 18:05:19 WARN  no build target for: C:\rocketseat\todolist\src\main\java\br\com\andrechaves\todolist\TodolistApplication.java
2023.10.10 18:05:19 WARN  no build target for: C:\rocketseat\todolist\src\main\java\br\com\andrechaves\todolist\controller\MinhaPrimeiraController.java
2023.10.10 18:05:21 INFO  time: code lens generation in 1.35s
2023.10.10 18:05:51 INFO  no build target found for c:\rocketseat\todolist\src\main\java\br\com\andrechaves\todolist\controller\MinhaPrimeiraController.java. Using presentation compiler with project's scala-library version: 3.3.0
out. 10, 2023 6:05:53 PM org.eclipse.lsp4j.jsonrpc.RemoteEndpoint handleCancellation
ADVERTÊNCIA: Unmatched cancel notification for request id 5
out. 10, 2023 6:06:05 PM scala.meta.internal.pc.CompilerAccess handleError
GRAVE: A severe compiler error occurred, full details of the error can be found in the error report C:\rocketseat\todolist\.metals\.reports\metals-full\2023-10-10\r_compiler-error_18-06-05-180
out. 10, 2023 6:06:08 PM scala.meta.internal.pc.CompilerAccess handleError
GRAVE: A severe compiler error occurred, full details of the error can be found in the error report C:\rocketseat\todolist\.metals\.reports\metals-full\2023-10-10\r_compiler-error_18-06-08-084
out. 10, 2023 6:06:08 PM scala.meta.internal.pc.CompilerAccess handleError
GRAVE: A severe compiler error occurred, full details of the error can be found in the error report C:\rocketseat\todolist\.metals\.reports\metals-full\2023-10-10\r_compiler-error_18-06-08-596
out. 10, 2023 6:06:13 PM scala.meta.internal.pc.CompilerAccess handleError
GRAVE: A severe compiler error occurred, full details of the error can be found in the error report C:\rocketseat\todolist\.metals\.reports\metals-full\2023-10-10\r_compiler-error_18-06-13-851
2023.10.10 18:06:37 WARN  no build target for: C:\rocketseat\todolist\src\main\java\br\com\andrechaves\todolist\user\UserController.java
2023.10.10 18:06:37 WARN  Running javac-semanticdb failed for file:///C:/rocketseat/todolist/src/main/java/br/com/andrechaves/todolist/user/UserController.java. Output:

out. 10, 2023 6:06:54 PM scala.meta.internal.pc.CompilerAccess handleError
GRAVE: A severe compiler error occurred, full details of the error can be found in the error report C:\rocketseat\todolist\.metals\.reports\metals-full\2023-10-10\r_compiler-error_18-06-54-451
2023.10.10 18:06:57 WARN  no build target for: C:\rocketseat\todolist\src\main\java\br\com\andrechaves\todolist\user\UserController.java
out. 10, 2023 6:06:59 PM scala.meta.internal.pc.CompilerAccess handleError
GRAVE: A severe compiler error occurred, full details of the error can be found in the error report C:\rocketseat\todolist\.metals\.reports\metals-full\2023-10-10\r_compiler-error_18-06-59-215
out. 10, 2023 6:06:59 PM scala.meta.internal.pc.CompilerAccess handleError
GRAVE: A severe compiler error occurred, full details of the error can be found in the error report C:\rocketseat\todolist\.metals\.reports\metals-full\2023-10-10\r_compiler-error_18-06-59-391
out. 10, 2023 6:06:59 PM scala.meta.internal.pc.CompilerAccess handleError
GRAVE: A severe compiler error occurred, full details of the error can be found in the error report C:\rocketseat\todolist\.metals\.reports\metals-full\2023-10-10\r_compiler-error_18-06-59-899
out. 10, 2023 6:07:02 PM scala.meta.internal.pc.CompilerAccess handleError
GRAVE: A severe compiler error occurred, full details of the error can be found in the error report C:\rocketseat\todolist\.metals\.reports\metals-full\2023-10-10\r_compiler-error_18-07-02-370
out. 10, 2023 6:07:11 PM scala.meta.internal.pc.CompilerAccess handleError
GRAVE: A severe compiler error occurred, full details of the error can be found in the error report C:\rocketseat\todolist\.metals\.reports\metals-full\2023-10-10\r_compiler-error_18-07-11-137
out. 10, 2023 6:07:11 PM scala.meta.internal.pc.CompilerAccess handleError
GRAVE: A severe compiler error occurred, full details of the error can be found in the error report C:\rocketseat\todolist\.metals\.reports\metals-full\2023-10-10\r_compiler-error_18-07-11-781
out. 10, 2023 6:07:12 PM scala.meta.internal.pc.CompilerAccess handleError
GRAVE: A severe compiler error occurred, full details of the error can be found in the error report C:\rocketseat\todolist\.metals\.reports\metals-full\2023-10-10\r_compiler-error_18-07-12-084
out. 10, 2023 6:07:17 PM scala.meta.internal.pc.CompilerAccess handleError
GRAVE: A severe compiler error occurred, full details of the error can be found in the error report C:\rocketseat\todolist\.metals\.reports\metals-full\2023-10-10\r_compiler-error_18-07-17-442
out. 10, 2023 6:07:19 PM scala.meta.internal.pc.CompilerAccess handleError
GRAVE: A severe compiler error occurred, full details of the error can be found in the error report C:\rocketseat\todolist\.metals\.reports\metals-full\2023-10-10\r_compiler-error_18-07-19-742
out. 10, 2023 6:07:20 PM scala.meta.internal.pc.CompilerAccess handleError
GRAVE: A severe compiler error occurred, full details of the error can be found in the error report C:\rocketseat\todolist\.metals\.reports\metals-full\2023-10-10\r_compiler-error_18-07-20-014
out. 10, 2023 6:07:20 PM scala.meta.internal.pc.CompilerAccess handleError
GRAVE: A severe compiler error occurred, full details of the error can be found in the error report C:\rocketseat\todolist\.metals\.reports\metals-full\2023-10-10\r_compiler-error_18-07-20-589
out. 10, 2023 6:07:20 PM scala.meta.internal.pc.CompilerAccess handleError
GRAVE: A severe compiler error occurred, full details of the error can be found in the error report C:\rocketseat\todolist\.metals\.reports\metals-full\2023-10-10\r_compiler-error_18-07-20-910
out. 10, 2023 6:07:21 PM scala.meta.internal.pc.CompilerAccess handleError
GRAVE: A severe compiler error occurred, full details of the error can be found in the error report C:\rocketseat\todolist\.metals\.reports\metals-full\2023-10-10\r_compiler-error_18-07-21-509
out. 10, 2023 6:07:29 PM scala.meta.internal.pc.CompilerAccess handleError
GRAVE: A severe compiler error occurred, full details of the error can be found in the error report C:\rocketseat\todolist\.metals\.reports\metals-full\2023-10-10\r_compiler-error_18-07-29-586
out. 10, 2023 6:07:30 PM scala.meta.internal.pc.CompilerAccess handleError
GRAVE: A severe compiler error occurred, full details of the error can be found in the error report C:\rocketseat\todolist\.metals\.reports\metals-full\2023-10-10\r_compiler-error_18-07-30-340
out. 10, 2023 6:07:31 PM scala.meta.internal.pc.CompilerAccess handleError
GRAVE: A severe compiler error occurred, full details of the error can be found in the error report C:\rocketseat\todolist\.metals\.reports\metals-full\2023-10-10\r_compiler-error_18-07-31-351
out. 10, 2023 6:07:32 PM scala.meta.internal.pc.CompilerAccess handleError
GRAVE: A severe compiler error occurred, full details of the error can be found in the error report C:\rocketseat\todolist\.metals\.reports\metals-full\2023-10-10\r_compiler-error_18-07-32-107
out. 10, 2023 6:07:33 PM scala.meta.internal.pc.CompilerAccess handleError
GRAVE: A severe compiler error occurred, full details of the error can be found in the error report C:\rocketseat\todolist\.metals\.reports\metals-full\2023-10-10\r_compiler-error_18-07-33-082
out. 10, 2023 6:07:33 PM scala.meta.internal.pc.CompilerAccess handleError
GRAVE: A severe compiler error occurred, full details of the error can be found in the error report C:\rocketseat\todolist\.metals\.reports\metals-full\2023-10-10\r_compiler-error_18-07-33-608
out. 10, 2023 6:07:37 PM scala.meta.internal.pc.CompilerAccess handleError
GRAVE: A severe compiler error occurred, full details of the error can be found in the error report C:\rocketseat\todolist\.metals\.reports\metals-full\2023-10-10\r_compiler-error_18-07-37-731
out. 10, 2023 6:07:37 PM scala.meta.internal.pc.CompilerAccess handleError
GRAVE: A severe compiler error occurred, full details of the error can be found in the error report C:\rocketseat\todolist\.metals\.reports\metals-full\2023-10-10\r_compiler-error_18-07-37-969
out. 10, 2023 6:07:38 PM scala.meta.internal.pc.CompilerAccess handleError
GRAVE: A severe compiler error occurred, full details of the error can be found in the error report C:\rocketseat\todolist\.metals\.reports\metals-full\2023-10-10\r_compiler-error_18-07-38-529
out. 10, 2023 6:07:41 PM scala.meta.internal.pc.CompilerAccess handleError
GRAVE: A severe compiler error occurred, full details of the error can be found in the error report C:\rocketseat\todolist\.metals\.reports\metals-full\2023-10-10\r_compiler-error_18-07-41-167
out. 10, 2023 6:07:42 PM scala.meta.internal.pc.CompilerAccess handleError
GRAVE: A severe compiler error occurred, full details of the error can be found in the error report C:\rocketseat\todolist\.metals\.reports\metals-full\2023-10-10\r_compiler-error_18-07-42-239
out. 10, 2023 6:08:08 PM scala.meta.internal.pc.CompilerAccess handleError
GRAVE: A severe compiler error occurred, full details of the error can be found in the error report C:\rocketseat\todolist\.metals\.reports\metals-full\2023-10-10\r_compiler-error_18-08-08-746
out. 10, 2023 6:08:10 PM scala.meta.internal.pc.CompilerAccess handleError
GRAVE: A severe compiler error occurred, full details of the error can be found in the error report C:\rocketseat\todolist\.metals\.reports\metals-full\2023-10-10\r_compiler-error_18-08-10-266
out. 10, 2023 6:08:17 PM scala.meta.internal.pc.CompilerAccess handleError
GRAVE: A severe compiler error occurred, full details of the error can be found in the error report C:\rocketseat\todolist\.metals\.reports\metals-full\2023-10-10\r_compiler-error_18-08-17-780
out. 10, 2023 6:09:00 PM scala.meta.internal.pc.CompilerAccess handleError
GRAVE: A severe compiler error occurred, full details of the error can be found in the error report C:\rocketseat\todolist\.metals\.reports\metals-full\2023-10-10\r_compiler-error_18-09-00-965
out. 10, 2023 6:09:03 PM scala.meta.internal.pc.CompilerAccess handleError
GRAVE: A severe compiler error occurred, full details of the error can be found in the error report C:\rocketseat\todolist\.metals\.reports\metals-full\2023-10-10\r_compiler-error_18-09-03-013
out. 10, 2023 6:09:03 PM scala.meta.internal.pc.CompilerAccess handleError
GRAVE: A severe compiler error occurred, full details of the error can be found in the error report C:\rocketseat\todolist\.metals\.reports\metals-full\2023-10-10\r_compiler-error_18-09-03-375
2023.10.10 18:09:18 WARN  no build target for: C:\rocketseat\todolist\src\main\java\br\com\andrechaves\todolist\user\UserController.java
out. 10, 2023 6:09:20 PM scala.meta.internal.pc.CompilerAccess handleError
GRAVE: A severe compiler error occurred, full details of the error can be found in the error report C:\rocketseat\todolist\.metals\.reports\metals-full\2023-10-10\r_compiler-error_18-09-20-513
out. 10, 2023 6:09:27 PM scala.meta.internal.pc.CompilerAccess handleError
GRAVE: A severe compiler error occurred, full details of the error can be found in the error report C:\rocketseat\todolist\.metals\.reports\metals-full\2023-10-10\r_compiler-error_18-09-27-208
out. 10, 2023 6:09:28 PM scala.meta.internal.pc.CompilerAccess handleError
GRAVE: A severe compiler error occurred, full details of the error can be found in the error report C:\rocketseat\todolist\.metals\.reports\metals-full\2023-10-10\r_compiler-error_18-09-28-779
out. 10, 2023 6:09:30 PM scala.meta.internal.pc.CompilerAccess handleError
GRAVE: A severe compiler error occurred, full details of the error can be found in the error report C:\rocketseat\todolist\.metals\.reports\metals-full\2023-10-10\r_compiler-error_18-09-30-438
out. 10, 2023 6:09:41 PM scala.meta.internal.pc.CompilerAccess handleError
GRAVE: A severe compiler error occurred, full details of the error can be found in the error report C:\rocketseat\todolist\.metals\.reports\metals-full\2023-10-10\r_compiler-error_18-09-41-061
out. 10, 2023 6:09:45 PM scala.meta.internal.pc.CompilerAccess handleError
GRAVE: A severe compiler error occurred, full details of the error can be found in the error report C:\rocketseat\todolist\.metals\.reports\metals-full\2023-10-10\r_compiler-error_18-09-45-301
out. 10, 2023 6:09:54 PM scala.meta.internal.pc.CompilerAccess handleError
GRAVE: A severe compiler error occurred, full details of the error can be found in the error report C:\rocketseat\todolist\.metals\.reports\metals-full\2023-10-10\r_compiler-error_18-09-54-136
out. 10, 2023 6:09:54 PM scala.meta.internal.pc.CompilerAccess handleError
GRAVE: A severe compiler error occurred, full details of the error can be found in the error report C:\rocketseat\todolist\.metals\.reports\metals-full\2023-10-10\r_compiler-error_18-09-54-499
out. 10, 2023 6:10:58 PM scala.meta.internal.pc.CompilerAccess handleError
GRAVE: A severe compiler error occurred, full details of the error can be found in the error report C:\rocketseat\todolist\.metals\.reports\metals-full\2023-10-10\r_compiler-error_18-10-58-145
out. 10, 2023 6:10:59 PM scala.meta.internal.pc.CompilerAccess handleError
GRAVE: A severe compiler error occurred, full details of the error can be found in the error report C:\rocketseat\todolist\.metals\.reports\metals-full\2023-10-10\r_compiler-error_18-10-59-107
out. 10, 2023 6:10:59 PM scala.meta.internal.pc.CompilerAccess handleError
GRAVE: A severe compiler error occurred, full details of the error can be found in the error report C:\rocketseat\todolist\.metals\.reports\metals-full\2023-10-10\r_compiler-error_18-10-59-334
out. 10, 2023 6:10:59 PM scala.meta.internal.pc.CompilerAccess handleError
GRAVE: A severe compiler error occurred, full details of the error can be found in the error report C:\rocketseat\todolist\.metals\.reports\metals-full\2023-10-10\r_compiler-error_18-10-59-571
out. 10, 2023 6:11:13 PM scala.meta.internal.pc.CompilerAccess handleError
GRAVE: A severe compiler error occurred, full details of the error can be found in the error report C:\rocketseat\todolist\.metals\.reports\metals-full\2023-10-10\r_compiler-error_18-11-13-857
out. 10, 2023 6:11:14 PM scala.meta.internal.pc.CompilerAccess handleError
GRAVE: A severe compiler error occurred, full details of the error can be found in the error report C:\rocketseat\todolist\.metals\.reports\metals-full\2023-10-10\r_compiler-error_18-11-14-447
out. 10, 2023 6:11:15 PM scala.meta.internal.pc.CompilerAccess handleError
GRAVE: A severe compiler error occurred, full details of the error can be found in the error report C:\rocketseat\todolist\.metals\.reports\metals-full\2023-10-10\r_compiler-error_18-11-15-042
out. 10, 2023 6:11:15 PM scala.meta.internal.pc.CompilerAccess handleError
GRAVE: A severe compiler error occurred, full details of the error can be found in the error report C:\rocketseat\todolist\.metals\.reports\metals-full\2023-10-10\r_compiler-error_18-11-15-595
out. 10, 2023 6:11:17 PM scala.meta.internal.pc.CompilerAccess handleError
GRAVE: A severe compiler error occurred, full details of the error can be found in the error report C:\rocketseat\todolist\.metals\.reports\metals-full\2023-10-10\r_compiler-error_18-11-17-958
out. 10, 2023 6:11:33 PM scala.meta.internal.pc.CompilerAccess handleError
GRAVE: A severe compiler error occurred, full details of the error can be found in the error report C:\rocketseat\todolist\.metals\.reports\metals-full\2023-10-10\r_compiler-error_18-11-33-821
out. 10, 2023 6:11:34 PM scala.meta.internal.pc.CompilerAccess handleError
GRAVE: A severe compiler error occurred, full details of the error can be found in the error report C:\rocketseat\todolist\.metals\.reports\metals-full\2023-10-10\r_compiler-error_18-11-34-231
out. 10, 2023 6:11:34 PM scala.meta.internal.pc.CompilerAccess handleError
GRAVE: A severe compiler error occurred, full details of the error can be found in the error report C:\rocketseat\todolist\.metals\.reports\metals-full\2023-10-10\r_compiler-error_18-11-34-432
out. 10, 2023 6:11:34 PM scala.meta.internal.pc.CompilerAccess handleError
GRAVE: A severe compiler error occurred, full details of the error can be found in the error report C:\rocketseat\todolist\.metals\.reports\metals-full\2023-10-10\r_compiler-error_18-11-34-593
out. 10, 2023 6:11:35 PM scala.meta.internal.pc.CompilerAccess handleError
GRAVE: A severe compiler error occurred, full details of the error can be found in the error report C:\rocketseat\todolist\.metals\.reports\metals-full\2023-10-10\r_compiler-error_18-11-35-025
out. 10, 2023 6:11:35 PM scala.meta.internal.pc.CompilerAccess handleError
GRAVE: A severe compiler error occurred, full details of the error can be found in the error report C:\rocketseat\todolist\.metals\.reports\metals-full\2023-10-10\r_compiler-error_18-11-35-493
out. 10, 2023 6:11:37 PM scala.meta.internal.pc.CompilerAccess handleError
GRAVE: A severe compiler error occurred, full details of the error can be found in the error report C:\rocketseat\todolist\.metals\.reports\metals-full\2023-10-10\r_compiler-error_18-11-37-271
out. 10, 2023 6:11:40 PM scala.meta.internal.pc.CompilerAccess handleError
GRAVE: A severe compiler error occurred, full details of the error can be found in the error report C:\rocketseat\todolist\.metals\.reports\metals-full\2023-10-10\r_compiler-error_18-11-40-597
out. 10, 2023 6:11:41 PM scala.meta.internal.pc.CompilerAccess handleError
GRAVE: A severe compiler error occurred, full details of the error can be found in the error report C:\rocketseat\todolist\.metals\.reports\metals-full\2023-10-10\r_compiler-error_18-11-41-232
2023.10.10 18:12:02 WARN  no build target for: C:\rocketseat\todolist\src\main\java\br\com\andrechaves\todolist\user\UserModel.java
2023.10.10 18:12:02 WARN  Running javac-semanticdb failed for file:///C:/rocketseat/todolist/src/main/java/br/com/andrechaves/todolist/user/UserModel.java. Output:

out. 10, 2023 6:12:05 PM scala.meta.internal.pc.CompilerAccess handleError
GRAVE: A severe compiler error occurred, full details of the error can be found in the error report C:\rocketseat\todolist\.metals\.reports\metals-full\2023-10-10\r_compiler-error_18-12-05-217
out. 10, 2023 6:12:10 PM scala.meta.internal.pc.CompilerAccess handleError
GRAVE: A severe compiler error occurred, full details of the error can be found in the error report C:\rocketseat\todolist\.metals\.reports\metals-full\2023-10-10\r_compiler-error_18-12-10-013
out. 10, 2023 6:12:12 PM scala.meta.internal.pc.CompilerAccess handleError
GRAVE: A severe compiler error occurred, full details of the error can be found in the error report C:\rocketseat\todolist\.metals\.reports\metals-full\2023-10-10\r_compiler-error_18-12-12-309
out. 10, 2023 6:12:13 PM scala.meta.internal.pc.CompilerAccess handleError
GRAVE: A severe compiler error occurred, full details of the error can be found in the error report C:\rocketseat\todolist\.metals\.reports\metals-full\2023-10-10\r_compiler-error_18-12-13-484
out. 10, 2023 6:12:13 PM scala.meta.internal.pc.CompilerAccess handleError
GRAVE: A severe compiler error occurred, full details of the error can be found in the error report C:\rocketseat\todolist\.metals\.reports\metals-full\2023-10-10\r_compiler-error_18-12-13-831
out. 10, 2023 6:12:14 PM scala.meta.internal.pc.CompilerAccess handleError
GRAVE: A severe compiler error occurred, full details of the error can be found in the error report C:\rocketseat\todolist\.metals\.reports\metals-full\2023-10-10\r_compiler-error_18-12-14-437
out. 10, 2023 6:12:14 PM scala.meta.internal.pc.CompilerAccess handleError
GRAVE: A severe compiler error occurred, full details of the error can be found in the error report C:\rocketseat\todolist\.metals\.reports\metals-full\2023-10-10\r_compiler-error_18-12-14-625
out. 10, 2023 6:12:15 PM org.eclipse.lsp4j.jsonrpc.RemoteEndpoint handleCancellation
ADVERTÊNCIA: Unmatched cancel notification for request id 328
out. 10, 2023 6:12:16 PM scala.meta.internal.pc.CompilerAccess handleError
GRAVE: A severe compiler error occurred, full details of the error can be found in the error report C:\rocketseat\todolist\.metals\.reports\metals-full\2023-10-10\r_compiler-error_18-12-16-349
out. 10, 2023 6:12:17 PM scala.meta.internal.pc.CompilerAccess handleError
GRAVE: A severe compiler error occurred, full details of the error can be found in the error report C:\rocketseat\todolist\.metals\.reports\metals-full\2023-10-10\r_compiler-error_18-12-17-115
out. 10, 2023 6:12:18 PM scala.meta.internal.pc.CompilerAccess handleError
GRAVE: A severe compiler error occurred, full details of the error can be found in the error report C:\rocketseat\todolist\.metals\.reports\metals-full\2023-10-10\r_compiler-error_18-12-18-507
out. 10, 2023 6:12:18 PM scala.meta.internal.pc.CompilerAccess handleError
GRAVE: A severe compiler error occurred, full details of the error can be found in the error report C:\rocketseat\todolist\.metals\.reports\metals-full\2023-10-10\r_compiler-error_18-12-18-902
out. 10, 2023 6:12:20 PM scala.meta.internal.pc.CompilerAccess handleError
GRAVE: A severe compiler error occurred, full details of the error can be found in the error report C:\rocketseat\todolist\.metals\.reports\metals-full\2023-10-10\r_compiler-error_18-12-20-434
out. 10, 2023 6:12:21 PM scala.meta.internal.pc.CompilerAccess handleError
GRAVE: A severe compiler error occurred, full details of the error can be found in the error report C:\rocketseat\todolist\.metals\.reports\metals-full\2023-10-10\r_compiler-error_18-12-21-772
out. 10, 2023 6:12:22 PM scala.meta.internal.pc.CompilerAccess handleError
GRAVE: A severe compiler error occurred, full details of the error can be found in the error report C:\rocketseat\todolist\.metals\.reports\metals-full\2023-10-10\r_compiler-error_18-12-22-007
out. 10, 2023 6:12:25 PM scala.meta.internal.pc.CompilerAccess handleError
GRAVE: A severe compiler error occurred, full details of the error can be found in the error report C:\rocketseat\todolist\.metals\.reports\metals-full\2023-10-10\r_compiler-error_18-12-25-085
out. 10, 2023 6:12:28 PM org.eclipse.lsp4j.jsonrpc.RemoteEndpoint handleCancellation
ADVERTÊNCIA: Unmatched cancel notification for request id 372
out. 10, 2023 6:12:28 PM scala.meta.internal.pc.CompilerAccess handleError
GRAVE: A severe compiler error occurred, full details of the error can be found in the error report C:\rocketseat\todolist\.metals\.reports\metals-full\2023-10-10\r_compiler-error_18-12-28-437
out. 10, 2023 6:12:29 PM scala.meta.internal.pc.CompilerAccess handleError
GRAVE: A severe compiler error occurred, full details of the error can be found in the error report C:\rocketseat\todolist\.metals\.reports\metals-full\2023-10-10\r_compiler-error_18-12-29-102
out. 10, 2023 6:12:29 PM scala.meta.internal.pc.CompilerAccess handleError
GRAVE: A severe compiler error occurred, full details of the error can be found in the error report C:\rocketseat\todolist\.metals\.reports\metals-full\2023-10-10\r_compiler-error_18-12-29-429
out. 10, 2023 6:12:30 PM scala.meta.internal.pc.CompilerAccess handleError
GRAVE: A severe compiler error occurred, full details of the error can be found in the error report C:\rocketseat\todolist\.metals\.reports\metals-full\2023-10-10\r_compiler-error_18-12-30-412
out. 10, 2023 6:12:30 PM scala.meta.internal.pc.CompilerAccess handleError
GRAVE: A severe compiler error occurred, full details of the error can be found in the error report C:\rocketseat\todolist\.metals\.reports\metals-full\2023-10-10\r_compiler-error_18-12-30-616
out. 10, 2023 6:12:30 PM scala.meta.internal.pc.CompilerAccess handleError
GRAVE: A severe compiler error occurred, full details of the error can be found in the error report C:\rocketseat\todolist\.metals\.reports\metals-full\2023-10-10\r_compiler-error_18-12-30-779
out. 10, 2023 6:12:33 PM scala.meta.internal.pc.CompilerAccess handleError
GRAVE: A severe compiler error occurred, full details of the error can be found in the error report C:\rocketseat\todolist\.metals\.reports\metals-full\2023-10-10\r_compiler-error_18-12-33-702
out. 10, 2023 6:12:35 PM scala.meta.internal.pc.CompilerAccess handleError
GRAVE: A severe compiler error occurred, full details of the error can be found in the error report C:\rocketseat\todolist\.metals\.reports\metals-full\2023-10-10\r_compiler-error_18-12-35-410
out. 10, 2023 6:12:35 PM scala.meta.internal.pc.CompilerAccess handleError
GRAVE: A severe compiler error occurred, full details of the error can be found in the error report C:\rocketseat\todolist\.metals\.reports\metals-full\2023-10-10\r_compiler-error_18-12-35-665
out. 10, 2023 6:12:36 PM scala.meta.internal.pc.CompilerAccess handleError
GRAVE: A severe compiler error occurred, full details of the error can be found in the error report C:\rocketseat\todolist\.metals\.reports\metals-full\2023-10-10\r_compiler-error_18-12-36-509
out. 10, 2023 6:12:36 PM scala.meta.internal.pc.CompilerAccess handleError
GRAVE: A severe compiler error occurred, full details of the error can be found in the error report C:\rocketseat\todolist\.metals\.reports\metals-full\2023-10-10\r_compiler-error_18-12-36-957
out. 10, 2023 6:12:37 PM scala.meta.internal.pc.CompilerAccess handleError
GRAVE: A severe compiler error occurred, full details of the error can be found in the error report C:\rocketseat\todolist\.metals\.reports\metals-full\2023-10-10\r_compiler-error_18-12-37-580
out. 10, 2023 6:12:37 PM scala.meta.internal.pc.CompilerAccess handleError
GRAVE: A severe compiler error occurred, full details of the error can be found in the error report C:\rocketseat\todolist\.metals\.reports\metals-full\2023-10-10\r_compiler-error_18-12-37-801
out. 10, 2023 6:12:38 PM scala.meta.internal.pc.CompilerAccess handleError
GRAVE: A severe compiler error occurred, full details of the error can be found in the error report C:\rocketseat\todolist\.metals\.reports\metals-full\2023-10-10\r_compiler-error_18-12-38-062
out. 10, 2023 6:12:40 PM scala.meta.internal.pc.CompilerAccess handleError
GRAVE: A severe compiler error occurred, full details of the error can be found in the error report C:\rocketseat\todolist\.metals\.reports\metals-full\2023-10-10\r_compiler-error_18-12-40-520
out. 10, 2023 6:12:41 PM scala.meta.internal.pc.CompilerAccess handleError
GRAVE: A severe compiler error occurred, full details of the error can be found in the error report C:\rocketseat\todolist\.metals\.reports\metals-full\2023-10-10\r_compiler-error_18-12-41-824
out. 10, 2023 6:12:43 PM scala.meta.internal.pc.CompilerAccess handleError
GRAVE: A severe compiler error occurred, full details of the error can be found in the error report C:\rocketseat\todolist\.metals\.reports\metals-full\2023-10-10\r_compiler-error_18-12-43-642
out. 10, 2023 6:12:43 PM scala.meta.internal.pc.CompilerAccess handleError
GRAVE: A severe compiler error occurred, full details of the error can be found in the error report C:\rocketseat\todolist\.metals\.reports\metals-full\2023-10-10\r_compiler-error_18-12-43-860
out. 10, 2023 6:12:46 PM scala.meta.internal.pc.CompilerAccess handleError
GRAVE: A severe compiler error occurred, full details of the error can be found in the error report C:\rocketseat\todolist\.metals\.reports\metals-full\2023-10-10\r_compiler-error_18-12-46-484
out. 10, 2023 6:12:47 PM scala.meta.internal.pc.CompilerAccess handleError
GRAVE: A severe compiler error occurred, full details of the error can be found in the error report C:\rocketseat\todolist\.metals\.reports\metals-full\2023-10-10\r_compiler-error_18-12-47-170
out. 10, 2023 6:12:47 PM scala.meta.internal.pc.CompilerAccess handleError
GRAVE: A severe compiler error occurred, full details of the error can be found in the error report C:\rocketseat\todolist\.metals\.reports\metals-full\2023-10-10\r_compiler-error_18-12-47-662
out. 10, 2023 6:13:24 PM scala.meta.internal.pc.CompilerAccess handleError
GRAVE: A severe compiler error occurred, full details of the error can be found in the error report C:\rocketseat\todolist\.metals\.reports\metals-full\2023-10-10\r_compiler-error_18-13-24-827
out. 10, 2023 6:13:25 PM scala.meta.internal.pc.CompilerAccess handleError
GRAVE: A severe compiler error occurred, full details of the error can be found in the error report C:\rocketseat\todolist\.metals\.reports\metals-full\2023-10-10\r_compiler-error_18-13-25-193
out. 10, 2023 6:13:25 PM scala.meta.internal.pc.CompilerAccess handleError
GRAVE: A severe compiler error occurred, full details of the error can be found in the error report C:\rocketseat\todolist\.metals\.reports\metals-full\2023-10-10\r_compiler-error_18-13-25-872
out. 10, 2023 6:13:30 PM scala.meta.internal.pc.CompilerAccess handleError
GRAVE: A severe compiler error occurred, full details of the error can be found in the error report C:\rocketseat\todolist\.metals\.reports\metals-full\2023-10-10\r_compiler-error_18-13-30-468
out. 10, 2023 6:13:34 PM scala.meta.internal.pc.CompilerAccess handleError
GRAVE: A severe compiler error occurred, full details of the error can be found in the error report C:\rocketseat\todolist\.metals\.reports\metals-full\2023-10-10\r_compiler-error_18-13-34-831
2023.10.10 18:13:40 WARN  no build target for: C:\rocketseat\todolist\src\main\java\br\com\andrechaves\todolist\user\UserModel.java
out. 10, 2023 6:13:42 PM scala.meta.internal.pc.CompilerAccess handleError
GRAVE: A severe compiler error occurred, full details of the error can be found in the error report C:\rocketseat\todolist\.metals\.reports\metals-full\2023-10-10\r_compiler-error_18-13-42-548
out. 10, 2023 6:13:44 PM scala.meta.internal.pc.CompilerAccess handleError
GRAVE: A severe compiler error occurred, full details of the error can be found in the error report C:\rocketseat\todolist\.metals\.reports\metals-full\2023-10-10\r_compiler-error_18-13-44-362
out. 10, 2023 6:13:49 PM scala.meta.internal.pc.CompilerAccess handleError
GRAVE: A severe compiler error occurred, full details of the error can be found in the error report C:\rocketseat\todolist\.metals\.reports\metals-full\2023-10-10\r_compiler-error_18-13-49-315
out. 10, 2023 6:13:50 PM scala.meta.internal.pc.CompilerAccess handleError
GRAVE: A severe compiler error occurred, full details of the error can be found in the error report C:\rocketseat\todolist\.metals\.reports\metals-full\2023-10-10\r_compiler-error_18-13-50-700
out. 10, 2023 6:13:52 PM scala.meta.internal.pc.CompilerAccess handleError
GRAVE: A severe compiler error occurred, full details of the error can be found in the error report C:\rocketseat\todolist\.metals\.reports\metals-full\2023-10-10\r_compiler-error_18-13-52-060
out. 10, 2023 6:13:57 PM scala.meta.internal.pc.CompilerAccess handleError
GRAVE: A severe compiler error occurred, full details of the error can be found in the error report C:\rocketseat\todolist\.metals\.reports\metals-full\2023-10-10\r_compiler-error_18-13-57-864
out. 10, 2023 6:13:59 PM scala.meta.internal.pc.CompilerAccess handleError
GRAVE: A severe compiler error occurred, full details of the error can be found in the error report C:\rocketseat\todolist\.metals\.reports\metals-full\2023-10-10\r_compiler-error_18-13-59-801
out. 10, 2023 6:14:02 PM scala.meta.internal.pc.CompilerAccess handleError
GRAVE: A severe compiler error occurred, full details of the error can be found in the error report C:\rocketseat\todolist\.metals\.reports\metals-full\2023-10-10\r_compiler-error_18-14-02-363
out. 10, 2023 6:14:02 PM scala.meta.internal.pc.CompilerAccess handleError
GRAVE: A severe compiler error occurred, full details of the error can be found in the error report C:\rocketseat\todolist\.metals\.reports\metals-full\2023-10-10\r_compiler-error_18-14-02-622
out. 10, 2023 6:14:04 PM scala.meta.internal.pc.CompilerAccess handleError
GRAVE: A severe compiler error occurred, full details of the error can be found in the error report C:\rocketseat\todolist\.metals\.reports\metals-full\2023-10-10\r_compiler-error_18-14-04-866
out. 10, 2023 6:14:21 PM scala.meta.internal.pc.CompilerAccess handleError
GRAVE: A severe compiler error occurred, full details of the error can be found in the error report C:\rocketseat\todolist\.metals\.reports\metals-full\2023-10-10\r_compiler-error_18-14-21-175
out. 10, 2023 6:14:25 PM scala.meta.internal.pc.CompilerAccess handleError
GRAVE: A severe compiler error occurred, full details of the error can be found in the error report C:\rocketseat\todolist\.metals\.reports\metals-full\2023-10-10\r_compiler-error_18-14-25-361
out. 10, 2023 6:14:25 PM scala.meta.internal.pc.CompilerAccess handleError
GRAVE: A severe compiler error occurred, full details of the error can be found in the error report C:\rocketseat\todolist\.metals\.reports\metals-full\2023-10-10\r_compiler-error_18-14-25-726
out. 10, 2023 6:14:26 PM scala.meta.internal.pc.CompilerAccess handleError
GRAVE: A severe compiler error occurred, full details of the error can be found in the error report C:\rocketseat\todolist\.metals\.reports\metals-full\2023-10-10\r_compiler-error_18-14-26-063
out. 10, 2023 6:14:26 PM scala.meta.internal.pc.CompilerAccess handleError
GRAVE: A severe compiler error occurred, full details of the error can be found in the error report C:\rocketseat\todolist\.metals\.reports\metals-full\2023-10-10\r_compiler-error_18-14-26-278
out. 10, 2023 6:14:26 PM scala.meta.internal.pc.CompilerAccess handleError
GRAVE: A severe compiler error occurred, full details of the error can be found in the error report C:\rocketseat\todolist\.metals\.reports\metals-full\2023-10-10\r_compiler-error_18-14-26-646
out. 10, 2023 6:14:27 PM scala.meta.internal.pc.CompilerAccess handleError
GRAVE: A severe compiler error occurred, full details of the error can be found in the error report C:\rocketseat\todolist\.metals\.reports\metals-full\2023-10-10\r_compiler-error_18-14-27-610
out. 10, 2023 6:14:28 PM scala.meta.internal.pc.CompilerAccess handleError
GRAVE: A severe compiler error occurred, full details of the error can be found in the error report C:\rocketseat\todolist\.metals\.reports\metals-full\2023-10-10\r_compiler-error_18-14-28-597
out. 10, 2023 6:14:36 PM scala.meta.internal.pc.CompilerAccess handleError
GRAVE: A severe compiler error occurred, full details of the error can be found in the error report C:\rocketseat\todolist\.metals\.reports\metals-full\2023-10-10\r_compiler-error_18-14-36-861
out. 10, 2023 6:14:37 PM scala.meta.internal.pc.CompilerAccess handleError
GRAVE: A severe compiler error occurred, full details of the error can be found in the error report C:\rocketseat\todolist\.metals\.reports\metals-full\2023-10-10\r_compiler-error_18-14-37-996
out. 10, 2023 6:14:45 PM scala.meta.internal.pc.CompilerAccess handleError
GRAVE: A severe compiler error occurred, full details of the error can be found in the error report C:\rocketseat\todolist\.metals\.reports\metals-full\2023-10-10\r_compiler-error_18-14-45-011
out. 10, 2023 6:14:45 PM scala.meta.internal.pc.CompilerAccess handleError
GRAVE: A severe compiler error occurred, full details of the error can be found in the error report C:\rocketseat\todolist\.metals\.reports\metals-full\2023-10-10\r_compiler-error_18-14-45-361
out. 10, 2023 6:14:58 PM scala.meta.internal.pc.CompilerAccess handleError
GRAVE: A severe compiler error occurred, full details of the error can be found in the error report C:\rocketseat\todolist\.metals\.reports\metals-full\2023-10-10\r_compiler-error_18-14-58-033
out. 10, 2023 6:14:58 PM scala.meta.internal.pc.CompilerAccess handleError
GRAVE: A severe compiler error occurred, full details of the error can be found in the error report C:\rocketseat\todolist\.metals\.reports\metals-full\2023-10-10\r_compiler-error_18-14-58-956
out. 10, 2023 6:15:00 PM scala.meta.internal.pc.CompilerAccess handleError
GRAVE: A severe compiler error occurred, full details of the error can be found in the error report C:\rocketseat\todolist\.metals\.reports\metals-full\2023-10-10\r_compiler-error_18-15-00-569
out. 10, 2023 6:15:17 PM scala.meta.internal.pc.CompilerAccess handleError
GRAVE: A severe compiler error occurred, full details of the error can be found in the error report C:\rocketseat\todolist\.metals\.reports\metals-full\2023-10-10\r_compiler-error_18-15-17-104
out. 10, 2023 6:15:18 PM org.eclipse.lsp4j.jsonrpc.RemoteEndpoint handleCancellation
ADVERTÊNCIA: Unmatched cancel notification for request id 630
out. 10, 2023 6:15:19 PM scala.meta.internal.pc.CompilerAccess handleError
GRAVE: A severe compiler error occurred, full details of the error can be found in the error report C:\rocketseat\todolist\.metals\.reports\metals-full\2023-10-10\r_compiler-error_18-15-19-767
out. 10, 2023 6:15:21 PM scala.meta.internal.pc.CompilerAccess handleError
GRAVE: A severe compiler error occurred, full details of the error can be found in the error report C:\rocketseat\todolist\.metals\.reports\metals-full\2023-10-10\r_compiler-error_18-15-21-161
out. 10, 2023 6:15:22 PM scala.meta.internal.pc.CompilerAccess handleError
GRAVE: A severe compiler error occurred, full details of the error can be found in the error report C:\rocketseat\todolist\.metals\.reports\metals-full\2023-10-10\r_compiler-error_18-15-22-256
out. 10, 2023 6:15:23 PM scala.meta.internal.pc.CompilerAccess handleError
GRAVE: A severe compiler error occurred, full details of the error can be found in the error report C:\rocketseat\todolist\.metals\.reports\metals-full\2023-10-10\r_compiler-error_18-15-23-563
out. 10, 2023 6:15:31 PM scala.meta.internal.pc.CompilerAccess handleError
GRAVE: A severe compiler error occurred, full details of the error can be found in the error report C:\rocketseat\todolist\.metals\.reports\metals-full\2023-10-10\r_compiler-error_18-15-31-132
2023.10.10 18:15:32 WARN  no build target for: C:\rocketseat\todolist\src\main\java\br\com\andrechaves\todolist\user\UserModel.java
out. 10, 2023 6:15:33 PM scala.meta.internal.pc.CompilerAccess handleError
GRAVE: A severe compiler error occurred, full details of the error can be found in the error report C:\rocketseat\todolist\.metals\.reports\metals-full\2023-10-10\r_compiler-error_18-15-33-237
2023.10.10 18:15:35 WARN  no build target for: C:\rocketseat\todolist\src\main\java\br\com\andrechaves\todolist\user\UserController.java
out. 10, 2023 6:15:36 PM scala.meta.internal.pc.CompilerAccess handleError
GRAVE: A severe compiler error occurred, full details of the error can be found in the error report C:\rocketseat\todolist\.metals\.reports\metals-full\2023-10-10\r_compiler-error_18-15-36-768
out. 10, 2023 6:15:37 PM scala.meta.internal.pc.CompilerAccess handleError
GRAVE: A severe compiler error occurred, full details of the error can be found in the error report C:\rocketseat\todolist\.metals\.reports\metals-full\2023-10-10\r_compiler-error_18-15-37-152
out. 10, 2023 6:15:37 PM scala.meta.internal.pc.CompilerAccess handleError
GRAVE: A severe compiler error occurred, full details of the error can be found in the error report C:\rocketseat\todolist\.metals\.reports\metals-full\2023-10-10\r_compiler-error_18-15-37-901
out. 10, 2023 6:15:42 PM scala.meta.internal.pc.CompilerAccess handleError
GRAVE: A severe compiler error occurred, full details of the error can be found in the error report C:\rocketseat\todolist\.metals\.reports\metals-full\2023-10-10\r_compiler-error_18-15-42-434
out. 10, 2023 6:15:45 PM scala.meta.internal.pc.CompilerAccess handleError
GRAVE: A severe compiler error occurred, full details of the error can be found in the error report C:\rocketseat\todolist\.metals\.reports\metals-full\2023-10-10\r_compiler-error_18-15-45-002
out. 10, 2023 6:15:46 PM scala.meta.internal.pc.CompilerAccess handleError
GRAVE: A severe compiler error occurred, full details of the error can be found in the error report C:\rocketseat\todolist\.metals\.reports\metals-full\2023-10-10\r_compiler-error_18-15-46-190
out. 10, 2023 6:16:00 PM scala.meta.internal.pc.CompilerAccess handleError
GRAVE: A severe compiler error occurred, full details of the error can be found in the error report C:\rocketseat\todolist\.metals\.reports\metals-full\2023-10-10\r_compiler-error_18-16-00-536
out. 10, 2023 6:16:05 PM scala.meta.internal.pc.CompilerAccess handleError
GRAVE: A severe compiler error occurred, full details of the error can be found in the error report C:\rocketseat\todolist\.metals\.reports\metals-full\2023-10-10\r_compiler-error_18-16-05-771
out. 10, 2023 6:16:07 PM scala.meta.internal.pc.CompilerAccess handleError
GRAVE: A severe compiler error occurred, full details of the error can be found in the error report C:\rocketseat\todolist\.metals\.reports\metals-full\2023-10-10\r_compiler-error_18-16-07-448
2023.10.10 18:16:11 WARN  no build target for: C:\rocketseat\todolist\src\main\java\br\com\andrechaves\todolist\user\UserController.java
out. 10, 2023 6:16:15 PM scala.meta.internal.pc.CompilerAccess handleError
GRAVE: A severe compiler error occurred, full details of the error can be found in the error report C:\rocketseat\todolist\.metals\.reports\metals-full\2023-10-10\r_compiler-error_18-16-15-981
out. 10, 2023 6:16:49 PM scala.meta.internal.pc.CompilerAccess handleError
GRAVE: A severe compiler error occurred, full details of the error can be found in the error report C:\rocketseat\todolist\.metals\.reports\metals-full\2023-10-10\r_compiler-error_18-16-49-746
out. 10, 2023 6:25:01 PM scala.meta.internal.pc.CompilerAccess handleError
GRAVE: A severe compiler error occurred, full details of the error can be found in the error report C:\rocketseat\todolist\.metals\.reports\metals-full\2023-10-10\r_compiler-error_18-25-01-384
out. 10, 2023 6:25:07 PM scala.meta.internal.pc.CompilerAccess handleError
GRAVE: A severe compiler error occurred, full details of the error can be found in the error report C:\rocketseat\todolist\.metals\.reports\metals-full\2023-10-10\r_compiler-error_18-25-07-427
out. 10, 2023 6:25:40 PM scala.meta.internal.pc.CompilerAccess handleError
GRAVE: A severe compiler error occurred, full details of the error can be found in the error report C:\rocketseat\todolist\.metals\.reports\metals-full\2023-10-10\r_compiler-error_18-25-40-939
out. 10, 2023 6:25:41 PM scala.meta.internal.pc.CompilerAccess handleError
GRAVE: A severe compiler error occurred, full details of the error can be found in the error report C:\rocketseat\todolist\.metals\.reports\metals-full\2023-10-10\r_compiler-error_18-25-41-171
out. 10, 2023 6:25:42 PM scala.meta.internal.pc.CompilerAccess handleError
GRAVE: A severe compiler error occurred, full details of the error can be found in the error report C:\rocketseat\todolist\.metals\.reports\metals-full\2023-10-10\r_compiler-error_18-25-42-159
out. 10, 2023 6:25:43 PM scala.meta.internal.pc.CompilerAccess handleError
GRAVE: A severe compiler error occurred, full details of the error can be found in the error report C:\rocketseat\todolist\.metals\.reports\metals-full\2023-10-10\r_compiler-error_18-25-43-393
out. 10, 2023 6:25:49 PM org.eclipse.lsp4j.jsonrpc.RemoteEndpoint handleCancellation
ADVERTÊNCIA: Unmatched cancel notification for request id 792
out. 10, 2023 6:25:49 PM org.eclipse.lsp4j.jsonrpc.RemoteEndpoint handleCancellation
ADVERTÊNCIA: Unmatched cancel notification for request id 793
out. 10, 2023 6:25:49 PM scala.meta.internal.pc.CompilerAccess handleError
GRAVE: A severe compiler error occurred, full details of the error can be found in the error report C:\rocketseat\todolist\.metals\.reports\metals-full\2023-10-10\r_compiler-error_18-25-49-217
out. 10, 2023 6:25:49 PM org.eclipse.lsp4j.jsonrpc.RemoteEndpoint handleCancellation
ADVERTÊNCIA: Unmatched cancel notification for request id 801
out. 10, 2023 6:25:51 PM scala.meta.internal.pc.CompilerAccess handleError
GRAVE: A severe compiler error occurred, full details of the error can be found in the error report C:\rocketseat\todolist\.metals\.reports\metals-full\2023-10-10\r_compiler-error_18-25-51-461
2023.10.10 18:25:54 WARN  no build target for: C:\rocketseat\todolist\src\main\java\br\com\andrechaves\todolist\user\UserModel.java
out. 10, 2023 6:25:55 PM scala.meta.internal.pc.CompilerAccess handleError
GRAVE: A severe compiler error occurred, full details of the error can be found in the error report C:\rocketseat\todolist\.metals\.reports\metals-full\2023-10-10\r_compiler-error_18-25-55-243
out. 10, 2023 6:26:05 PM scala.meta.internal.pc.CompilerAccess handleError
GRAVE: A severe compiler error occurred, full details of the error can be found in the error report C:\rocketseat\todolist\.metals\.reports\metals-full\2023-10-10\r_compiler-error_18-26-05-369
out. 10, 2023 9:08:58 PM org.eclipse.lsp4j.jsonrpc.RemoteEndpoint handleCancellation
ADVERTÊNCIA: Unmatched cancel notification for request id 838
out. 10, 2023 9:08:59 PM org.eclipse.lsp4j.jsonrpc.RemoteEndpoint handleCancellation
ADVERTÊNCIA: Unmatched cancel notification for request id 839
out. 10, 2023 9:08:59 PM org.eclipse.lsp4j.jsonrpc.RemoteEndpoint handleCancellation
ADVERTÊNCIA: Unmatched cancel notification for request id 841
out. 10, 2023 9:08:59 PM scala.meta.internal.pc.CompilerAccess handleError
GRAVE: A severe compiler error occurred, full details of the error can be found in the error report C:\rocketseat\todolist\.metals\.reports\metals-full\2023-10-10\r_compiler-error_21-08-59-356
out. 10, 2023 9:09:15 PM scala.meta.internal.pc.CompilerAccess handleError
GRAVE: A severe compiler error occurred, full details of the error can be found in the error report C:\rocketseat\todolist\.metals\.reports\metals-full\2023-10-10\r_compiler-error_21-09-15-206
out. 10, 2023 9:09:23 PM scala.meta.internal.pc.CompilerAccess handleError
GRAVE: A severe compiler error occurred, full details of the error can be found in the error report C:\rocketseat\todolist\.metals\.reports\metals-full\2023-10-10\r_compiler-error_21-09-23-025
out. 10, 2023 9:09:26 PM scala.meta.internal.pc.CompilerAccess handleError
GRAVE: A severe compiler error occurred, full details of the error can be found in the error report C:\rocketseat\todolist\.metals\.reports\metals-full\2023-10-10\r_compiler-error_21-09-26-101
out. 10, 2023 9:09:29 PM scala.meta.internal.pc.CompilerAccess handleError
GRAVE: A severe compiler error occurred, full details of the error can be found in the error report C:\rocketseat\todolist\.metals\.reports\metals-full\2023-10-10\r_compiler-error_21-09-29-041
2023.10.10 21:09:32 WARN  no build target for: C:\rocketseat\todolist\src\main\java\br\com\andrechaves\todolist\user\UserModel.java
out. 10, 2023 9:09:33 PM scala.meta.internal.pc.CompilerAccess handleError
GRAVE: A severe compiler error occurred, full details of the error can be found in the error report C:\rocketseat\todolist\.metals\.reports\metals-full\2023-10-10\r_compiler-error_21-09-33-163
out. 10, 2023 9:09:33 PM scala.meta.internal.pc.CompilerAccess handleError
GRAVE: A severe compiler error occurred, full details of the error can be found in the error report C:\rocketseat\todolist\.metals\.reports\metals-full\2023-10-10\r_compiler-error_21-09-33-909
out. 10, 2023 9:09:42 PM scala.meta.internal.pc.CompilerAccess handleError
GRAVE: A severe compiler error occurred, full details of the error can be found in the error report C:\rocketseat\todolist\.metals\.reports\metals-full\2023-10-10\r_compiler-error_21-09-42-314
out. 10, 2023 9:09:44 PM scala.meta.internal.pc.CompilerAccess handleError
GRAVE: A severe compiler error occurred, full details of the error can be found in the error report C:\rocketseat\todolist\.metals\.reports\metals-full\2023-10-10\r_compiler-error_21-09-44-726
out. 10, 2023 9:09:46 PM scala.meta.internal.pc.CompilerAccess handleError
GRAVE: A severe compiler error occurred, full details of the error can be found in the error report C:\rocketseat\todolist\.metals\.reports\metals-full\2023-10-10\r_compiler-error_21-09-46-820
out. 10, 2023 9:09:47 PM scala.meta.internal.pc.CompilerAccess handleError
GRAVE: A severe compiler error occurred, full details of the error can be found in the error report C:\rocketseat\todolist\.metals\.reports\metals-full\2023-10-10\r_compiler-error_21-09-47-676
out. 10, 2023 9:09:49 PM scala.meta.internal.pc.CompilerAccess handleError
GRAVE: A severe compiler error occurred, full details of the error can be found in the error report C:\rocketseat\todolist\.metals\.reports\metals-full\2023-10-10\r_compiler-error_21-09-49-144
2023.10.10 21:09:51 WARN  no build target for: C:\rocketseat\todolist\src\main\java\br\com\andrechaves\todolist\user\UserController.java
out. 10, 2023 9:09:53 PM scala.meta.internal.pc.CompilerAccess handleError
GRAVE: A severe compiler error occurred, full details of the error can be found in the error report C:\rocketseat\todolist\.metals\.reports\metals-full\2023-10-10\r_compiler-error_21-09-53-094
out. 10, 2023 9:09:53 PM scala.meta.internal.pc.CompilerAccess handleError
GRAVE: A severe compiler error occurred, full details of the error can be found in the error report C:\rocketseat\todolist\.metals\.reports\metals-full\2023-10-10\r_compiler-error_21-09-53-321
out. 10, 2023 9:09:53 PM scala.meta.internal.pc.CompilerAccess handleError
GRAVE: A severe compiler error occurred, full details of the error can be found in the error report C:\rocketseat\todolist\.metals\.reports\metals-full\2023-10-10\r_compiler-error_21-09-53-965
out. 10, 2023 9:53:56 PM scala.meta.internal.pc.CompilerAccess handleError
GRAVE: A severe compiler error occurred, full details of the error can be found in the error report C:\rocketseat\todolist\.metals\.reports\metals-full\2023-10-10\r_compiler-error_21-53-56-959
out. 10, 2023 9:59:40 PM scala.meta.internal.pc.CompilerAccess handleError
GRAVE: A severe compiler error occurred, full details of the error can be found in the error report C:\rocketseat\todolist\.metals\.reports\metals-full\2023-10-10\r_compiler-error_21-59-40-965
out. 10, 2023 10:24:32 PM scala.meta.internal.pc.CompilerAccess handleError
GRAVE: A severe compiler error occurred, full details of the error can be found in the error report C:\rocketseat\todolist\.metals\.reports\metals-full\2023-10-10\r_compiler-error_22-24-32-182
2023.10.10 22:24:35 WARN  no build target for: C:\rocketseat\todolist\src\main\java\br\com\andrechaves\todolist\user\UserModel.java
Exception in thread "pool-3-thread-1" java.lang.InterruptedException
	at scala.meta.internal.metals.FutureCancelToken.checkCanceled(FutureCancelToken.scala:29)
	at scala.meta.internal.pc.CompilerAccess.onCompilerJobQueue$$anonfun$1(CompilerAccess.scala:229)
	at scala.meta.internal.pc.CompilerJobQueue$Job.run(CompilerJobQueue.scala:152)
	at java.base/java.util.concurrent.ThreadPoolExecutor.runWorker(ThreadPoolExecutor.java:1136)
	at java.base/java.util.concurrent.ThreadPoolExecutor$Worker.run(ThreadPoolExecutor.java:635)
	at java.base/java.lang.Thread.run(Thread.java:833)
out. 11, 2023 2:55:46 PM scala.meta.internal.pc.CompilerAccess handleError
GRAVE: A severe compiler error occurred, full details of the error can be found in the error report C:\rocketseat\todolist\.metals\.reports\metals-full\2023-10-11\r_compiler-error_14-55-46-408
2023.10.11 14:56:08 INFO  Shutting down server
2023.10.11 14:56:08 INFO  shutting down Metals
2023.10.11 14:56:08 ERROR Unexpected error initializing server: 
org.eclipse.lsp4j.jsonrpc.ResponseErrorException: Request window/showMessageRequest failed with message: Canceled
	at org.eclipse.lsp4j.jsonrpc.RemoteEndpoint.handleResponse(RemoteEndpoint.java:209)
	at org.eclipse.lsp4j.jsonrpc.RemoteEndpoint.consume(RemoteEndpoint.java:193)
	at org.eclipse.lsp4j.jsonrpc.json.StreamMessageProducer.handleMessage(StreamMessageProducer.java:194)
	at org.eclipse.lsp4j.jsonrpc.json.StreamMessageProducer.listen(StreamMessageProducer.java:94)
	at org.eclipse.lsp4j.jsonrpc.json.ConcurrentMessageProcessor.run(ConcurrentMessageProcessor.java:113)
	at java.util.concurrent.Executors$RunnableAdapter.call(Executors.java:539)
	at java.util.concurrent.FutureTask.run(FutureTask.java:264)
	at java.util.concurrent.ThreadPoolExecutor.runWorker(ThreadPoolExecutor.java:1136)
	at java.util.concurrent.ThreadPoolExecutor$Worker.run(ThreadPoolExecutor.java:635)
	at java.lang.Thread.run(Thread.java:833)

2023.10.11 14:56:08 INFO  Exiting server
